Traceback (most recent call last):
  File "/opt/homebrew/anaconda3/envs/PYNE/bin/pyne", line 8, in <module>
    sys.exit(app())
             ^^^^^
  File "/opt/homebrew/anaconda3/envs/PYNE/lib/python3.12/site-packages/typer/main.py", line 341, in __call__
    raise e
  File "/opt/homebrew/anaconda3/envs/PYNE/lib/python3.12/site-packages/typer/main.py", line 324, in __call__
    return get_command(self)(*args, **kwargs)
           ^^^^^^^^^^^^^^^^^^^^^^^^^^^^^^^^^^
  File "/opt/homebrew/anaconda3/envs/PYNE/lib/python3.12/site-packages/click/core.py", line 1442, in __call__
    return self.main(*args, **kwargs)
           ^^^^^^^^^^^^^^^^^^^^^^^^^^
  File "/opt/homebrew/anaconda3/envs/PYNE/lib/python3.12/site-packages/typer/core.py", line 757, in main
    return _main(
           ^^^^^^
  File "/opt/homebrew/anaconda3/envs/PYNE/lib/python3.12/site-packages/typer/core.py", line 195, in _main
    rv = self.invoke(ctx)
         ^^^^^^^^^^^^^^^^
  File "/opt/homebrew/anaconda3/envs/PYNE/lib/python3.12/site-packages/click/core.py", line 1830, in invoke
    return _process_result(sub_ctx.command.invoke(sub_ctx))
                           ^^^^^^^^^^^^^^^^^^^^^^^^^^^^^^^
  File "/opt/homebrew/anaconda3/envs/PYNE/lib/python3.12/site-packages/click/core.py", line 1226, in invoke
    return ctx.invoke(self.callback, **ctx.params)
           ^^^^^^^^^^^^^^^^^^^^^^^^^^^^^^^^^^^^^^^
  File "/opt/homebrew/anaconda3/envs/PYNE/lib/python3.12/site-packages/click/core.py", line 794, in invoke
    return callback(*args, **kwargs)
           ^^^^^^^^^^^^^^^^^^^^^^^^^
  File "/opt/homebrew/anaconda3/envs/PYNE/lib/python3.12/site-packages/typer/main.py", line 699, in wrapper
    return callback(**use_params)
           ^^^^^^^^^^^^^^^^^^^^^^
  File "/opt/homebrew/anaconda3/envs/PYNE/lib/python3.12/site-packages/pynecore/cli/commands/run.py", line 249, in run
    runner.run(on_progress=cb_progress)
  File "/opt/homebrew/anaconda3/envs/PYNE/lib/python3.12/site-packages/pynecore/core/script_runner.py", line 391, in run
    for _ in self.run_iter(on_progress=on_progress):
             ^^^^^^^^^^^^^^^^^^^^^^^^^^^^^^^^^^^^^^
  File "/opt/homebrew/anaconda3/envs/PYNE/lib/python3.12/site-packages/pynecore/core/script_runner.py", line 270, in run_iter
    res = self.script_module.main()
          ^^^^^^^^^^^^^^^^^^^^^^^^^
  File "/Users/danmungai/pyne/workdir/scripts/CWR_indicator.py", line 11, in main
    length = input.int("Length", 20, minval=1, maxval=200).value
             ^^^^^^^^^^^^^^^^^^^^^^^^^^^^^^^^^^^^^^^^^^^^^^^^^^^
AttributeError: 'str' object has no attribute 'value'
